[keenthemes.com/metronic/preview/index9fd1.html]
[backblue.gif]
[fade.gif]
[index.html]
[ajax.googleapis.com/ajax/libs/webfont/1.6.16/webfont.js]
[keenthemes.com/metronic/preview/assets/demo/default/media/img/logo/favicon.ico]
[www.google-analytics.com/analytics.js]
[keenthemes.com/metronic/preview/assets/demo/default/media/img/logo/logo_default_dark.png]
[keenthemes.com/metronic/preview/index9bfb.html]
[keenthemes.com/metronic/preview/assets/app/media/img/misc/notification_bg.jpg]
[keenthemes.com/metronic/preview/index07a2.html]
[keenthemes.com/metronic/preview/index8f58.html]
[keenthemes.com/metronic/preview/assets/app/media/img/misc/quick_actions_bg.jpg]
[keenthemes.com/metronic/preview/assets/app/media/img/users/user4.jpg]
[keenthemes.com/metronic/preview/assets/app/media/img/misc/user_profile_bg.jpg]
[keenthemes.com/metronic/preview/assets/app/media/img/client-logos/logo3.png]
[keenthemes.com/metronic/preview/indexa80c.html]
[keenthemes.com/metronic/preview/indexb101.html]
[keenthemes.com/metronic/preview/indexd68c.html]
[keenthemes.com/metronic/preview/index4b55.html]
[keenthemes.com/metronic/preview/assets/app/media/img/client-logos/logo1.png]
[keenthemes.com/metronic/preview/index762e.html]
[keenthemes.com/metronic/preview/index70fa.html]
[keenthemes.com/metronic/preview/index9c73.html]
[keenthemes.com/metronic/preview/index4c34.html]
[keenthemes.com/metronic/preview/assets/app/media/img/client-logos/logo2.png]
[keenthemes.com/metronic/preview/indexd2bb.html]
[keenthemes.com/metronic/preview/assets/app/media/img/blog/blog1.jpg]
[keenthemes.com/metronic/preview/indexd729.html]
[keenthemes.com/metronic/preview/index5e77.html]
[keenthemes.com/metronic/preview/indexb2f8.html]
[keenthemes.com/metronic/preview/assets/app/media/img/users/user1.jpg]
[keenthemes.com/metronic/preview/index68d9.html]
[keenthemes.com/metronic/preview/indexbc58.html]
[keenthemes.com/metronic/preview/indexbd9f.html]
[keenthemes.com/metronic/preview/index1f9d.html]
[keenthemes.com/metronic/preview/assets/app/media/img/users/user5.jpg]
[keenthemes.com/metronic/preview/index64cb.html]
[keenthemes.com/metronic/preview/index6e4a.html]
[keenthemes.com/metronic/preview/index363a.html]
[keenthemes.com/metronic/preview/index8d6b.html]
[keenthemes.com/metronic/preview/assets/app/media/img/users/100_4.jpg]
[keenthemes.com/metronic/preview/index4452.html]
[keenthemes.com/metronic/preview/index78ac.html]
[keenthemes.com/metronic/preview/assets/app/media/img/users/100_13.jpg]
[keenthemes.com/metronic/preview/indexad9a.html]
[keenthemes.com/metronic/preview/index0dbd.html]
[keenthemes.com/metronic/preview/indexb4bb.html]
[keenthemes.com/metronic/preview/assets/app/media/img/users/100_11.jpg]
[keenthemes.com/metronic/preview/index860a.html]
[keenthemes.com/metronic/preview/index9b69.html]
[keenthemes.com/metronic/preview/indexa2ac.html]
[keenthemes.com/metronic/preview/assets/app/media/img/users/100_14.jpg]
[keenthemes.com/metronic/preview/index8f18.html]
[keenthemes.com/metronic/preview/indexbcd9.html]
[keenthemes.com/metronic/preview/index6c27.html]
[keenthemes.com/metronic/preview/index57af.html]
[keenthemes.com/metronic/preview/index4259.html]
[keenthemes.com/metronic/preview/indexea05.html]
[keenthemes.com/metronic/preview/assets/app/media/img/client-logos/logo4.png]
[keenthemes.com/metronic/preview/assets/app/media/img/products/product6.jpg]
[keenthemes.com/metronic/preview/indexa96d.html]
[keenthemes.com/metronic/preview/index8e01.html]
[keenthemes.com/metronic/preview/indexb319.html]
[keenthemes.com/metronic/preview/index528a.html]
[keenthemes.com/metronic/preview/assets/app/media/img/products/product10.jpg]
[keenthemes.com/metronic/preview/index529c.html]
[keenthemes.com/metronic/preview/indexb45c.html]
[keenthemes.com/metronic/preview/index67e1.html]
[keenthemes.com/metronic/preview/assets/app/media/img/products/product11.jpg]
[keenthemes.com/metronic/preview/index53f8.html]
[keenthemes.com/metronic/preview/indexe42e.html]
[keenthemes.com/metronic/preview/indexec34.html]
[keenthemes.com/metronic/preview/index0f4e.html]
[keenthemes.com/metronic/preview/index47d4.html]
[keenthemes.com/metronic/preview/index305d.html]
[keenthemes.com/metronic/preview/assets/app/media/img/client-logos/logo5.png]
[keenthemes.com/metronic/preview/indexbf79.html]
[keenthemes.com/metronic/preview/assets/app/media/img/users/user3.jpg]
[keenthemes.com/metronic/preview/index84e1.html]
[keenthemes.com/metronic/preview/indexf2cf.html]
[keenthemes.com/metronic/preview/assets/vendors/base/vendors.bundle.js]
[keenthemes.com/metronic/preview/index5569.html]
[keenthemes.com/metronic/preview/index1244.html]
[keenthemes.com/metronic/preview/index87d2.html]
[keenthemes.com/metronic/preview/assets/demo/default/base/scripts.bundle.js]
[keenthemes.com/metronic/preview/index947b.html]
[keenthemes.com/metronic/preview/index38c2.html]
[keenthemes.com/metronic/preview/index68b1.html]
[keenthemes.com/metronic/preview/assets/vendors/custom/fullcalendar/fullcalendar.bundle.js]
[keenthemes.com/metronic/preview/assets/app/js/dashboard.js]
[keenthemes.com/metronic/preview/index7918.html]
[keenthemes.com/metronic/preview/index9fd1.html]
[keenthemes.com/metronic/preview/index871d.html]
[keenthemes.com/metronic/preview/index3729.html]
[keenthemes.com/metronic/preview/assets/vendors/custom/fullcalendar/fullcalendar.bundle.css]
[keenthemes.com/metronic/preview/indexa7ca.html]
[keenthemes.com/metronic/preview/index356e.html]
[keenthemes.com/metronic/preview/index74e2.html]
[keenthemes.com/metronic/preview/index9c8a.html]
[keenthemes.com/metronic/preview/index0c23.html]
[keenthemes.com/metronic/preview/index4ba7.html]
[keenthemes.com/metronic/preview/assets/vendors/base/images/malihu-custom-scrollbar-plugin/mCSB_buttons.png]
[keenthemes.com/metronic/preview/index1911.html]
[keenthemes.com/metronic/preview/index35a9.html]
[keenthemes.com/metronic/preview/assets/vendors/base/images/ion-rangeslider/sprite-skin-flat.png]
[keenthemes.com/metronic/preview/index949a.html]
[keenthemes.com/metronic/preview/index0a6d.html]
[keenthemes.com/metronic/preview/index0725.html]
[keenthemes.com/metronic/preview/indexcea7.html]
[keenthemes.com/metronic/preview/assets/vendors/base/fonts/summernote/summernote4c4d.eot]
[keenthemes.com/metronic/preview/index0972.html]
[keenthemes.com/metronic/preview/index65cc.html]
[keenthemes.com/metronic/preview/index74e9.html]
[keenthemes.com/metronic/preview/assets/vendors/base/fonts/summernote/summernoted41d.eot]
[keenthemes.com/metronic/preview/index3b4e.html]
[keenthemes.com/metronic/preview/indexfc61.html]
[keenthemes.com/metronic/preview/indexa09f.html]
[keenthemes.com/metronic/preview/assets/vendors/base/fonts/summernote/summernote4c4d.woff]
[keenthemes.com/metronic/preview/index3e66.html]
[keenthemes.com/metronic/preview/indexb8a6.html]
[keenthemes.com/metronic/preview/indexb642.html]
[keenthemes.com/metronic/preview/indexd02d.html]
[keenthemes.com/metronic/preview/assets/vendors/base/fonts/summernote/summernote4c4d.ttf]
[keenthemes.com/metronic/preview/indexa841.html]
[keenthemes.com/metronic/preview/index29ba.html]
[keenthemes.com/metronic/preview/indexa26b.html]
[keenthemes.com/metronic/preview/assets/vendors/base/images/jstree/32px.png]
[keenthemes.com/metronic/preview/indexa4d5.html]
[keenthemes.com/metronic/preview/index0768.html]
[keenthemes.com/metronic/preview/indexbcbc.html]
[keenthemes.com/metronic/preview/indexcb34.html]
[keenthemes.com/metronic/preview/assets/vendors/base/images/jstree/throbber.gif]
[keenthemes.com/metronic/preview/index6bdf.html]
[keenthemes.com/metronic/preview/index6333.html]
[keenthemes.com/metronic/preview/index0ef3.html]
[keenthemes.com/metronic/preview/indexd635.html]
[keenthemes.com/metronic/preview/assets/vendors/base/images/jstree/40px.png]
[keenthemes.com/metronic/preview/index9ae5.html]
[keenthemes.com/metronic/preview/indexb694.html]
[keenthemes.com/metronic/preview/assets/vendors/base/fonts/socicon/socicon.eot]
[keenthemes.com/metronic/preview/indexcfc0.html]
[keenthemes.com/metronic/preview/index2a14.html]
[keenthemes.com/metronic/preview/index7cd6.html]
[keenthemes.com/metronic/preview/assets/vendors/base/fonts/socicon/socicond41d.eot]
[keenthemes.com/metronic/preview/index3417.html]
[keenthemes.com/metronic/preview/index5e78.html]
[keenthemes.com/metronic/preview/indexc614.html]
[keenthemes.com/metronic/preview/index8f4f.html]
[keenthemes.com/metronic/preview/assets/vendors/base/fonts/socicon/socicon.woff]
[keenthemes.com/metronic/preview/index4a4c.html]
[keenthemes.com/metronic/preview/indexd43d.html]
[keenthemes.com/metronic/preview/index5be0.html]
[keenthemes.com/metronic/preview/assets/vendors/base/fonts/socicon/socicon.ttf]
[keenthemes.com/metronic/preview/indexadf5.html]
[keenthemes.com/metronic/preview/index9e5e.html]
[keenthemes.com/metronic/preview/indexa631.html]
[keenthemes.com/metronic/preview/index63b8.html]
[keenthemes.com/metronic/preview/indexa3d2.html]
[keenthemes.com/metronic/preview/index80c1.html]
[keenthemes.com/metronic/preview/indexf25d.html]
[keenthemes.com/metronic/preview/indexa0f1.html]
[keenthemes.com/metronic/preview/index11c8.html]
[keenthemes.com/metronic/preview/index4d61.html]
[keenthemes.com/metronic/preview/index2649.html]
[keenthemes.com/metronic/preview/index4252.html]
[keenthemes.com/metronic/preview/assets/vendors/base/fonts/font-awesome/fontawesome-webfont3e6e.eot]
[keenthemes.com/metronic/preview/index3c90.html]
[keenthemes.com/metronic/preview/assets/vendors/base/fonts/font-awesome/fontawesome-webfontd41d.eot]
[keenthemes.com/metronic/preview/index3924.html]
[keenthemes.com/metronic/preview/index0bec.html]
[keenthemes.com/metronic/preview/assets/vendors/base/fonts/font-awesome/fontawesome-webfont3e6e.woff2]
[keenthemes.com/metronic/preview/indexb3f2.html]
[keenthemes.com/metronic/preview/indexe4cb.html]
[keenthemes.com/metronic/preview/index2b54.html]
[keenthemes.com/metronic/preview/assets/vendors/base/fonts/font-awesome/fontawesome-webfont3e6e.woff]
[keenthemes.com/metronic/preview/indexc13e.html]
[keenthemes.com/metronic/preview/indexc559.html]
[keenthemes.com/metronic/preview/index58f3.html]
[keenthemes.com/metronic/preview/indexb425.html]
[keenthemes.com/metronic/preview/indexb44a.html]
[keenthemes.com/metronic/preview/assets/vendors/base/fonts/font-awesome/fontawesome-webfont3e6e.ttf]
[keenthemes.com/metronic/preview/index9535.html]
[keenthemes.com/metronic/preview/indexf37a.html]
[keenthemes.com/metronic/preview/index9f82.html]
[keenthemes.com/metronic/preview/indexdc3f.html]
[keenthemes.com/metronic/preview/assets/vendors/base/fonts/line-awesome/line-awesomeeb4f.eot]
[keenthemes.com/metronic/preview/index88c1.html]
[keenthemes.com/metronic/preview/index19fc.html]
[keenthemes.com/metronic/preview/assets/vendors/base/fonts/line-awesome/line-awesome0176.eot]
[keenthemes.com/metronic/preview/indexeae8.html]
[keenthemes.com/metronic/preview/index6346.html]
[keenthemes.com/metronic/preview/index4fef.html]
[keenthemes.com/metronic/preview/assets/vendors/base/fonts/line-awesome/line-awesomeeb4f.woff2]
[keenthemes.com/metronic/preview/index710c.html]
[keenthemes.com/metronic/preview/indexd268.html]
[keenthemes.com/metronic/preview/index3860.html]
[keenthemes.com/metronic/preview/assets/vendors/base/fonts/line-awesome/line-awesomeeb4f.woff]
[keenthemes.com/metronic/preview/assets/vendors/base/fonts/line-awesome/line-awesomeeb4f.ttf]
[keenthemes.com/metronic/preview/assets/vendors/base/fonts/flaticon/Flaticon.eot]
[keenthemes.com/metronic/preview/assets/vendors/base/fonts/flaticon/Flaticond41d.eot]
[keenthemes.com/metronic/preview/assets/vendors/base/fonts/flaticon/Flaticon.woff]
[keenthemes.com/metronic/preview/assets/vendors/base/fonts/flaticon/Flaticon.ttf]
[keenthemes.com/metronic/preview/assets/vendors/base/fonts/metronic/Metronic_fda1334c35d0f5fe2afb3afebbb6774a.eot]
[keenthemes.com/metronic/preview/assets/vendors/base/fonts/metronic/Metronic_fda1334c35d0f5fe2afb3afebbb6774ad41d.eot]
[keenthemes.com/metronic/preview/assets/vendors/base/fonts/metronic/Metronic_fda1334c35d0f5fe2afb3afebbb6774a.woff2]
[keenthemes.com/metronic/preview/assets/vendors/base/fonts/metronic/Metronic_fda1334c35d0f5fe2afb3afebbb6774a.woff]
[keenthemes.com/metronic/preview/assets/vendors/base/fonts/metronic/Metronic_fda1334c35d0f5fe2afb3afebbb6774a.ttf]
[keenthemes.com/metronic/preview/assets/vendors/base/vendors.bundle.css]
[keenthemes.com/metronic/preview/assets/demo/default/base/style.bundle.css]
[keenthemes.com/metronic/preview/index9bfb.html]
[keenthemes.com/metronic/preview/assets/demo/default/custom/header/actions.js]
[keenthemes.com/metronic/preview/index07a2.html]
[keenthemes.com/metronic/preview/index8f58.html]
[keenthemes.com/metronic/preview/indexa80c.html]
[keenthemes.com/metronic/preview/assets/app/media/img/logos/logo-2.png]
[keenthemes.com/metronic/preview/assets/app/media/img/bg/bg-4.jpg]
[keenthemes.com/metronic/preview/assets/snippets/pages/user/login.js]
[keenthemes.com/metronic/preview/indexb101.html]
[keenthemes.com/metronic/preview/indexd68c.html]
[keenthemes.com/metronic/preview/index4b55.html]
[keenthemes.com/metronic/preview/index762e.html]
[keenthemes.com/metronic/preview/index70fa.html]
[keenthemes.com/metronic/preview/index9c73.html]
[keenthemes.com/metronic/preview/index4c34.html]
[keenthemes.com/metronic/preview/indexd2bb.html]
[keenthemes.com/metronic/preview/indexd729.html]
[keenthemes.com/metronic/preview/index5e77.html]
[keenthemes.com/metronic/preview/assets/demo/default/custom/components/base/blockui.js]
[keenthemes.com/metronic/preview/indexb2f8.html]
[keenthemes.com/metronic/preview/index68d9.html]
[keenthemes.com/metronic/preview/indexbc58.html]
[keenthemes.com/metronic/preview/assets/demo/default/custom/components/base/dropdown.js]
[keenthemes.com/metronic/preview/indexbd9f.html]
[keenthemes.com/metronic/preview/index1f9d.html]
[keenthemes.com/metronic/preview/index64cb.html]
[keenthemes.com/metronic/preview/index6e4a.html]
[keenthemes.com/metronic/preview/index363a.html]
[keenthemes.com/metronic/preview/assets/app/media/img/users/user2.jpg]
[keenthemes.com/metronic/preview/assets/app/media/img/users/user6.4b.delayed]
[keenthemes.com/metronic/preview/index8d6b.html]
[keenthemes.com/metronic/preview/assets/demo/default/custom/components/base/treeview.js]
[keenthemes.com/metronic/preview/index4452.html]
[keenthemes.com/metronic/preview/assets/demo/default/custom/components/base/bootstrap-notify.js]
[keenthemes.com/metronic/preview/index78ac.html]
[keenthemes.com/metronic/preview/assets/demo/default/custom/components/base/toastr.js]
[keenthemes.com/metronic/preview/indexad9a.html]
[keenthemes.com/metronic/preview/assets/demo/default/custom/components/base/sweetalert2.js]
[keenthemes.com/metronic/preview/index0dbd.html]
[keenthemes.com/metronic/preview/indexb4bb.html]
[keenthemes.com/metronic/preview/index860a.html]
[keenthemes.com/metronic/preview/index9b69.html]
[keenthemes.com/metronic/preview/indexa2ac.html]
[keenthemes.com/metronic/preview/index8f18.html]
[keenthemes.com/metronic/preview/indexbcd9.html]
[keenthemes.com/metronic/preview/index6c27.html]
[keenthemes.com/metronic/preview/index57af.html]
[keenthemes.com/metronic/preview/indexea05.html]
[keenthemes.com/metronic/preview/index4259.html]
[keenthemes.com/metronic/preview/indexa96d.html]
[keenthemes.com/metronic/preview/index8e01.html]
[keenthemes.com/metronic/preview/indexb319.html]
[keenthemes.com/metronic/preview/index528a.html]
[keenthemes.com/metronic/preview/index529c.html]
[keenthemes.com/metronic/preview/indexb45c.html]
[keenthemes.com/metronic/preview/index67e1.html]
[keenthemes.com/metronic/preview/index53f8.html]
[keenthemes.com/metronic/preview/indexa5c4.html]
[keenthemes.com/metronic/preview/assets/demo/default/custom/components/forms/widgets/bootstrap-datepicker.js]
[keenthemes.com/metronic/preview/indexe42e.html]
[keenthemes.com/metronic/preview/assets/demo/default/custom/components/forms/widgets/bootstrap-datetimepicker.js]
[keenthemes.com/metronic/preview/indexec34.html]
[keenthemes.com/metronic/preview/assets/demo/default/custom/components/forms/widgets/bootstrap-timepicker.js]
[keenthemes.com/metronic/preview/index0f4e.html]
[keenthemes.com/metronic/preview/assets/demo/default/custom/components/forms/widgets/bootstrap-daterangepicker.js]
[keenthemes.com/metronic/preview/index47d4.html]
[keenthemes.com/metronic/preview/assets/demo/default/custom/components/forms/widgets/bootstrap-touchspin.js]
[keenthemes.com/metronic/preview/index305d.html]
[keenthemes.com/metronic/preview/assets/demo/default/custom/components/forms/widgets/bootstrap-maxlength.js]
[keenthemes.com/metronic/preview/indexbf79.html]
[keenthemes.com/metronic/preview/assets/demo/default/custom/components/forms/widgets/bootstrap-switch.js]
[keenthemes.com/metronic/preview/index84e1.html]
[keenthemes.com/metronic/preview/assets/demo/default/custom/components/forms/widgets/bootstrap-multipleselectsplitter.js]
[keenthemes.com/metronic/preview/indexf2cf.html]
[keenthemes.com/metronic/preview/assets/demo/default/custom/components/forms/widgets/bootstrap-select.js]
[keenthemes.com/metronic/preview/index5569.html]
[keenthemes.com/metronic/preview/assets/demo/default/custom/components/forms/widgets/select2.js]
[keenthemes.com/metronic/preview/index87d2.html]
[keenthemes.com/metronic/preview/assets/demo/default/custom/components/forms/widgets/typeahead.js]
[keenthemes.com/metronic/preview/index1244.html]
[keenthemes.com/metronic/preview/assets/demo/default/custom/components/forms/widgets/nouislider.js]
[keenthemes.com/metronic/preview/index947b.html]
[keenthemes.com/metronic/preview/assets/demo/default/custom/components/forms/widgets/form-repeater.js]
[keenthemes.com/metronic/preview/index38c2.html]
[keenthemes.com/metronic/preview/assets/demo/default/custom/components/forms/widgets/ion-range-slider.js]
[keenthemes.com/metronic/preview/index68b1.html]
[keenthemes.com/metronic/preview/assets/demo/default/custom/components/forms/widgets/input-mask.js]
[keenthemes.com/metronic/preview/index7918.html]
[keenthemes.com/metronic/preview/assets/demo/default/custom/components/forms/widgets/summernote.js]
[keenthemes.com/metronic/preview/index871d.html]
[keenthemes.com/metronic/preview/assets/demo/default/custom/components/forms/widgets/bootstrap-markdown.js]
[keenthemes.com/metronic/preview/index3729.html]
[keenthemes.com/metronic/preview/assets/demo/default/custom/components/forms/widgets/autosize.js]
[keenthemes.com/metronic/preview/indexa7ca.html]
[keenthemes.com/metronic/preview/assets/demo/default/custom/components/forms/widgets/clipboard.js]
[keenthemes.com/metronic/preview/index356e.html]
[keenthemes.com/metronic/preview/assets/demo/default/custom/components/forms/widgets/dropzone.js]
[keenthemes.com/metronic/preview/index74e2.html]
[www.google.com/recaptcha/api.js]
[keenthemes.com/metronic/preview/index9c8a.html]
[keenthemes.com/metronic/preview/index0c23.html]
[keenthemes.com/metronic/preview/index4ba7.html]
[keenthemes.com/metronic/preview/index1911.html]
[keenthemes.com/metronic/preview/index35a9.html]
[keenthemes.com/metronic/preview/assets/demo/default/custom/components/forms/validation/form-controls.js]
[keenthemes.com/metronic/preview/index949a.html]
[keenthemes.com/metronic/preview/assets/demo/default/custom/components/forms/validation/form-widgets.js]
[keenthemes.com/metronic/preview/index0a6d.html]
[keenthemes.com/metronic/preview/assets/demo/default/custom/components/forms/wizard/wizard.js]
[keenthemes.com/metronic/preview/index0725.html]
[keenthemes.com/metronic/preview/indexcea7.html]
[keenthemes.com/metronic/preview/index0972.html]
[keenthemes.com/metronic/preview/index65cc.html]
[keenthemes.com/metronic/preview/index74e9.html]
[keenthemes.com/metronic/preview/assets/demo/default/custom/components/datatables/base/data-local.js]
[keenthemes.com/metronic/preview/index3b4e.html]
[keenthemes.com/metronic/preview/assets/demo/default/custom/components/datatables/base/data-json.js]
[keenthemes.com/metronic/preview/indexfc61.html]
[keenthemes.com/metronic/preview/assets/demo/default/custom/components/datatables/base/data-ajax.js]
[keenthemes.com/metronic/preview/indexa09f.html]
[keenthemes.com/metronic/preview/assets/demo/default/custom/components/datatables/base/html-table.js]
[keenthemes.com/metronic/preview/indexb8a6.html]
[keenthemes.com/metronic/preview/assets/demo/default/custom/components/datatables/base/record-selection.js]
[keenthemes.com/metronic/preview/index3e66.html]
[keenthemes.com/metronic/preview/assets/demo/default/custom/components/datatables/base/local-sort.js]
[keenthemes.com/metronic/preview/indexb642.html]
[keenthemes.com/metronic/preview/assets/demo/default/custom/components/datatables/base/row-details.js]
[keenthemes.com/metronic/preview/indexd02d.html]
[keenthemes.com/metronic/preview/assets/demo/default/custom/components/datatables/base/column-rendering.js]
[keenthemes.com/metronic/preview/indexa841.html]
[keenthemes.com/metronic/preview/assets/demo/default/custom/components/datatables/base/column-width.js]
[keenthemes.com/metronic/preview/index29ba.html]
[keenthemes.com/metronic/preview/assets/demo/default/custom/components/datatables/base/responsive-columns.js]
[keenthemes.com/metronic/preview/indexa26b.html]
[keenthemes.com/metronic/preview/assets/demo/default/custom/components/datatables/base/translation.js]
[keenthemes.com/metronic/preview/index0768.html]
[keenthemes.com/metronic/preview/assets/demo/default/custom/components/datatables/scrolling/vertical.js]
[keenthemes.com/metronic/preview/indexa4d5.html]
[keenthemes.com/metronic/preview/assets/demo/default/custom/components/datatables/scrolling/horizontal.js]
[keenthemes.com/metronic/preview/indexbcbc.html]
[keenthemes.com/metronic/preview/assets/demo/default/custom/components/datatables/scrolling/both.js]
[keenthemes.com/metronic/preview/indexcb34.html]
[keenthemes.com/metronic/preview/assets/demo/default/custom/components/datatables/locked/left.js]
[keenthemes.com/metronic/preview/index6bdf.html]
[keenthemes.com/metronic/preview/assets/demo/default/custom/components/datatables/locked/right.js]
[keenthemes.com/metronic/preview/index6333.html]
[keenthemes.com/metronic/preview/assets/demo/default/custom/components/datatables/locked/both.js]
[keenthemes.com/metronic/preview/index0ef3.html]
[keenthemes.com/metronic/preview/assets/demo/default/custom/components/datatables/locked/html-table.js]
[keenthemes.com/metronic/preview/indexd635.html]
[keenthemes.com/metronic/preview/assets/demo/default/custom/components/datatables/child/data-local.js]
[keenthemes.com/metronic/preview/index9ae5.html]
[keenthemes.com/metronic/preview/assets/demo/default/custom/components/datatables/child/data-ajax.js]
[keenthemes.com/metronic/preview/indexb694.html]
[keenthemes.com/metronic/preview/assets/demo/default/custom/components/datatables/api/methods.js]
[keenthemes.com/metronic/preview/indexcfc0.html]
[keenthemes.com/metronic/preview/assets/demo/default/custom/components/datatables/api/events.js]
[keenthemes.com/metronic/preview/index2a14.html]
[keenthemes.com/metronic/preview/index7cd6.html]
[keenthemes.com/metronic/preview/index3417.html]
[keenthemes.com/metronic/preview/index5e78.html]
[keenthemes.com/metronic/preview/indexc614.html]
[keenthemes.com/metronic/preview/assets/vendors/custom/jquery-ui/jquery-ui.bundle.js]
[keenthemes.com/metronic/preview/assets/demo/default/custom/components/portlets/draggable.js]
[keenthemes.com/metronic/preview/index8f4f.html]
[keenthemes.com/metronic/preview/assets/demo/default/custom/components/portlets/tools.js]
[keenthemes.com/metronic/preview/index4a4c.html]
[keenthemes.com/metronic/preview/assets/app/media/img/users/100_7.jpg]
[keenthemes.com/metronic/preview/assets/app/media/img/users/100_3.jpg]
[keenthemes.com/metronic/preview/assets/app/media/img/products/product1.jpg]
[keenthemes.com/metronic/preview/indexd43d.html]
[keenthemes.com/metronic/preview/index5be0.html]
[keenthemes.com/metronic/preview/assets/app/media/img/users/100_1.jpg]
[keenthemes.com/metronic/preview/assets/app/media/img/users/100_5.jpg]
[keenthemes.com/metronic/preview/assets/app/media/img/users/100_2.jpg]
[keenthemes.com/metronic/preview/assets/app/media/img/users/100_9.jpg]
[keenthemes.com/metronic/preview/assets/app/media/img/users/100_8.jpg]
[keenthemes.com/metronic/preview/assets/app/media/img/users/100_6.jpg]
[keenthemes.com/metronic/preview/index9e5e.html]
[keenthemes.com/metronic/preview/assets/vendors/custom/gmaps/gmaps.js]
[keenthemes.com/metronic/preview/indexadf5.html]
[keenthemes.com/metronic/preview/assets/demo/default/custom/components/calendar/basic.js]
[keenthemes.com/metronic/preview/indexa631.html]
[keenthemes.com/metronic/preview/assets/demo/default/custom/components/calendar/list-view.js]
[keenthemes.com/metronic/preview/indexa3d2.html]
[keenthemes.com/metronic/preview/assets/demo/default/custom/components/calendar/google.js]
[keenthemes.com/metronic/preview/index63b8.html]
[keenthemes.com/metronic/preview/assets/demo/default/custom/components/calendar/external-events.js]
[keenthemes.com/metronic/preview/indexf25d.html]
[keenthemes.com/metronic/preview/assets/demo/default/custom/components/calendar/background-events.js]
[keenthemes.com/metronic/preview/index80c1.html]
[www.amcharts.com/lib/3/plugins/export/export.css]
[www.amcharts.com/lib/3/radar.js]
[www.amcharts.com/lib/3/plugins/tools/polarScatter/polarScatter.min.js]
[www.amcharts.com/lib/3/pie.js]
[www.amcharts.com/lib/3/plugins/animate/animate.min.js]
[www.amcharts.com/lib/3/serial.js]
[www.amcharts.com/lib/3/themes/light.js]
[keenthemes.com/metronic/preview/assets/demo/default/custom/components/charts/amcharts/charts.js]
[keenthemes.com/metronic/preview/indexa0f1.html]
[www.amcharts.com/lib/3/plugins/export/export.min.js]
[www.amcharts.com/lib/3/amcharts.js]
[keenthemes.com/metronic/preview/assets/demo/default/custom/components/charts/amcharts/stock-charts.js]
[keenthemes.com/metronic/preview/index11c8.html]
[www.amcharts.com/lib/3/amstock.js]
[www.amcharts.com/lib/3/maps/js/usaLow.js]
[www.amcharts.com/lib/3/ammap.js]
[keenthemes.com/metronic/preview/assets/demo/default/custom/components/charts/amcharts/maps.js]
[keenthemes.com/metronic/preview/index4d61.html]
[keenthemes.com/metronic/preview/assets/vendors/custom/flot/flot.bundle.js]
[www.amcharts.com/lib/3/maps/js/worldLow.js]
[keenthemes.com/metronic/preview/assets/demo/default/custom/components/charts/flotcharts.js]
[keenthemes.com/metronic/preview/index4252.html]
[keenthemes.com/metronic/preview/assets/demo/default/custom/components/charts/google-charts.js]
[keenthemes.com/metronic/preview/index2649.html]
[keenthemes.com/metronic/preview/assets/demo/default/custom/components/charts/morris-charts.js]
[keenthemes.com/metronic/preview/index3c90.html]
[keenthemes.com/metronic/preview/assets/demo/default/custom/components/maps/google-maps.js]
[keenthemes.com/metronic/preview/index3924.html]
[keenthemes.com/metronic/preview/assets/vendors/custom/jqvmap/jqvmap.bundle.js]
[keenthemes.com/metronic/preview/assets/demo/default/custom/components/maps/jqvmap.js]
[keenthemes.com/metronic/preview/index0bec.html]
[keenthemes.com/metronic/preview/assets/demo/default/custom/components/utils/session-timeout.js]
[keenthemes.com/metronic/preview/indexb3f2.html]
[keenthemes.com/metronic/preview/assets/demo/default/custom/components/utils/idle-timer.js]
[keenthemes.com/metronic/preview/indexe4cb.html]
[keenthemes.com/metronic/preview/assets/app/media/img/envato/screen1.jpg]
[keenthemes.com/metronic/preview/assets/app/media/img/envato/screen2.jpg]
[keenthemes.com/metronic/preview/assets/app/js/layout-builder.js]
[keenthemes.com/metronic/preview/index2b54.html]
[keenthemes.com/metronic/preview/indexc13e.html]
[keenthemes.com/metronic/preview/indexc559.html]
[keenthemes.com/metronic/preview/index58f3.html]
[keenthemes.com/metronic/preview/indexb425.html]
[keenthemes.com/metronic/preview/assets/app/media/img/bg/bg-6.jpg]
[keenthemes.com/metronic/preview/assets/app/media/img/logos/logo_client_white.png]
[keenthemes.com/metronic/preview/indexb44a.html]
[keenthemes.com/metronic/preview/assets/app/media/img/logos/bg-6.b6.delayed]
[www.amcharts.com/lib/3/maps/js/worldHigh.js]
[keenthemes.com/metronic/preview/assets/app/media/img/logos/bg-6.b7.delayed]
[keenthemes.com/metronic/preview/assets/app/media/img/logos/logo_client_color.png]
[keenthemes.com/metronic/preview/index9535.html]
[keenthemes.com/metronic/preview/indexf37a.html]
[keenthemes.com/metronic/preview/assets/app/media/img/bg/bg-1.jpg]
[keenthemes.com/metronic/preview/assets/app/media/img/logos/logo-1.png]
[keenthemes.com/metronic/preview/index9f82.html]
[keenthemes.com/metronic/preview/assets/app/media/img/bg/bg-3.jpg]
[keenthemes.com/metronic/preview/indexdc3f.html]
[keenthemes.com/metronic/preview/assets/app/media/img/bg/bg-2.jpg]
[keenthemes.com/metronic/preview/index88c1.html]
[keenthemes.com/metronic/preview/index19fc.html]
[keenthemes.com/metronic/preview/assets/app/media/img/error/bg1.jpg]
[keenthemes.com/metronic/preview/indexeae8.html]
[keenthemes.com/metronic/preview/assets/app/media/img/error/bg2.jpg]
[keenthemes.com/metronic/preview/index6346.html]
[keenthemes.com/metronic/preview/assets/app/media/img/error/bg3.jpg]
[keenthemes.com/metronic/preview/index4fef.html]
[keenthemes.com/metronic/preview/assets/app/media/img/error/bg4.jpg]
[keenthemes.com/metronic/preview/indexd268.html]
[keenthemes.com/metronic/preview/assets/app/media/img/error/bg5.jpg]
[keenthemes.com/metronic/preview/index710c.html]
[keenthemes.com/metronic/preview/assets/app/media/img/error/bg6.jpg]
[keenthemes.com/metronic/preview/index3860.html]
[keenthemes.com/metronic/preview/assets/vendors/base/fonts/socicon/socicon.svg]
[keenthemes.com/metronic/preview/assets/vendors/base/fonts/font-awesome/fontawesome-webfont3e6e.svg]
[keenthemes.com/metronic/preview/assets/vendors/base/fonts/line-awesome/line-awesomeeb4f.svg]
[keenthemes.com/metronic/preview/assets/vendors/base/fonts/flaticon/Flaticon.svg]
[keenthemes.com/metronic/preview/assets/vendors/base/fonts/metronic/Metronic_fda1334c35d0f5fe2afb3afebbb6774a.svg]
[keenthemes.com/metronic/preview/assets/app/media/img/users/user6.html]
[keenthemes.com/metronic/preview/indexa5c4.html]
[keenthemes.com/metronic/preview/assets/vendors/custom/jquery-ui/images/jquery-ui/ui-icons_444444_256x240.c3.delayed]
[keenthemes.com/metronic/preview/assets/vendors/custom/jquery-ui/images/jquery-ui/ui-icons_555555_256x240.c4.delayed]
[keenthemes.com/metronic/preview/assets/vendors/custom/jquery-ui/images/jquery-ui/ui-icons_ffffff_256x240.c5.delayed]
[keenthemes.com/metronic/preview/assets/vendors/custom/jquery-ui/images/jquery-ui/ui-icons_777620_256x240.c6.delayed]
[keenthemes.com/metronic/preview/assets/vendors/custom/jquery-ui/images/jquery-ui/ui-icons_cc0000_256x240.c7.delayed]
[keenthemes.com/metronic/preview/assets/vendors/custom/jquery-ui/images/jquery-ui/ui-icons_777777_256x240.c8.delayed]
[keenthemes.com/metronic/preview/assets/vendors/custom/jquery-ui/jquery-ui.bundle.css]
[keenthemes.com/metronic/preview/assets/app/media/img/files/doc.svg]
[keenthemes.com/metronic/preview/assets/app/media/img/files/jpg.svg]
[keenthemes.com/metronic/preview/assets/app/media/img/files/pdf.svg]
[keenthemes.com/metronic/preview/assets/app/media/img/files/javascript.svg]
[keenthemes.com/metronic/preview/assets/app/media/img/files/zip.svg]
[www.amcharts.com/lib/3/plugins/export/export.css]
[keenthemes.com/metronic/preview/assets/vendors/custom/jqvmap/jqvmap.bundle.css]
[keenthemes.com/metronic/preview/assets/app/media/img/logos/bg-6.html]
[keenthemes.com/metronic/preview/assets/vendors/custom/jquery-ui/images/jquery-ui/ui-icons_444444_256x240.html]
[keenthemes.com/metronic/preview/assets/vendors/custom/jquery-ui/images/jquery-ui/ui-icons_555555_256x240.html]
[keenthemes.com/metronic/preview/assets/vendors/custom/jquery-ui/images/jquery-ui/ui-icons_ffffff_256x240.html]
[keenthemes.com/metronic/preview/assets/vendors/custom/jquery-ui/images/jquery-ui/ui-icons_777620_256x240.html]
[keenthemes.com/metronic/preview/assets/vendors/custom/jquery-ui/images/jquery-ui/ui-icons_cc0000_256x240.html]
[keenthemes.com/metronic/preview/assets/vendors/custom/jquery-ui/images/jquery-ui/ui-icons_777777_256x240.html]
